     class  Length  Diameter  ...    Viscera weight  Shell weight  Rings
0        M   0.455     0.365  ...            0.1010        0.1500     15
1        M   0.350     0.265  ...            0.0485        0.0700      7
2        F   0.530     0.420  ...            0.1415        0.2100      9
3        M   0.440     0.365  ...            0.1140        0.1550     10
4        I   0.330     0.255  ...            0.0395        0.0550      7
5        I   0.425     0.300  ...            0.0775        0.1200      8
6        F   0.530     0.415  ...            0.1415        0.3300     20
7        F   0.545     0.425  ...            0.1495        0.2600     16
8        M   0.475     0.370  ...            0.1125        0.1650      9
9        F   0.550     0.440  ...            0.1510        0.3200     19
10       F   0.525     0.380  ...            0.1475        0.2100     14
11       M   0.430     0.350  ...            0.0810        0.1350     10
12       M   0.490     0.380  ...            0.0950        0.1900     11
13       F   0.535     0.405  ...            0.1710        0.2050     10
14       F   0.470     0.355  ...            0.0805        0.1850     10
15       M   0.500     0.400  ...            0.1330        0.2400     12
16       I   0.355     0.280  ...            0.0395        0.1150      7
17       F   0.440     0.340  ...            0.0870        0.1300     10
18       M   0.365     0.295  ...            0.0430        0.1000      7
19       M   0.450     0.320  ...            0.0750        0.1150      9
20       M   0.355     0.280  ...            0.0620        0.0750     11
21       I   0.380     0.275  ...            0.0490        0.0850     10
22       F   0.565     0.440  ...            0.2140        0.2700     12
23       F   0.550     0.415  ...            0.2100        0.2000      9
24       F   0.615     0.480  ...            0.3010        0.3050     10
25       F   0.560     0.440  ...            0.1880        0.3000     11
26       F   0.580     0.450  ...            0.2720        0.2850     11
27       M   0.590     0.445  ...            0.2340        0.2800     12
28       M   0.605     0.475  ...            0.2190        0.2950     15
29       M   0.575     0.425  ...            0.2270        0.2000     11
...    ...     ...       ...  ...               ...           ...    ...
4147     M   0.695     0.550  ...            0.3600        0.4450     11
4148     M   0.770     0.605  ...            0.5260        0.3550     11
4149     I   0.280     0.215  ...            0.0215        0.0300      6
4150     I   0.330     0.230  ...            0.0365        0.0460      7
4151     I   0.350     0.250  ...            0.0355        0.0410      6
4152     I   0.370     0.280  ...            0.0545        0.0615      7
4153     I   0.430     0.315  ...            0.0715        0.1100      8
4154     I   0.435     0.330  ...            0.0750        0.0885      6
4155     I   0.440     0.350  ...            0.0895        0.1150      6
4156     M   0.475     0.370  ...            0.1070        0.1460      8
4157     M   0.475     0.360  ...            0.1045        0.1550      8
4158     I   0.480     0.355  ...            0.0890        0.1400      8
4159     F   0.560     0.440  ...            0.1615        0.2590      9
4160     F   0.585     0.475  ...            0.2170        0.3000     11
4161     F   0.585     0.455  ...            0.2630        0.2845     11
4162     M   0.385     0.255  ...            0.0680        0.0920      8
4163     I   0.390     0.310  ...            0.0695        0.0790      7
4164     I   0.390     0.290  ...            0.0635        0.0810      7
4165     I   0.405     0.300  ...            0.0505        0.0880      7
4166     I   0.475     0.365  ...            0.0885        0.1560     10
4167     M   0.500     0.380  ...            0.1265        0.1535      9
4168     F   0.515     0.400  ...            0.1230        0.1765      8
4169     M   0.520     0.385  ...            0.1800        0.1815     10
4170     M   0.550     0.430  ...            0.1955        0.2405     10
4171     M   0.560     0.430  ...            0.1720        0.2290      8
4172     F   0.565     0.450  ...            0.2390        0.2490     11
4173     M   0.590     0.440  ...            0.2145        0.2605     10
4174     M   0.600     0.475  ...            0.2875        0.3080      9
4175     F   0.625     0.485  ...            0.2610        0.2960     10
4176     M   0.710     0.555  ...            0.3765        0.4950     12

[4177 rows x 9 columns]
logistic regression results:
using one predictor at a time:
top two predictors: 
Whole weight accuracy: 0.5179425837320574
Viscera weight accuracy: 0.5251196172248804
using all predictors:
accuracy 0.561005
confusion matrix 
 [[ 70  46 145]
 [ 14 220  35]
 [ 52  75 179]] 

KNN results:
optimal k is: 14
accuracy 0.539474
confusion matrix 
 [[110  32 119]
 [ 31 204  34]
 [113  56 137]]
LDA results:
accuracy 0.539474
confusion matrix 
 [[ 85  37 139]
 [ 16 195  58]
 [ 70  65 171]] 

QDA results:
accuracy 0.514354
confusion matrix 
 [[ 52  63 146]
 [  9 229  31]
 [ 59  98 149]] 

Decision Tree results:
accuracy 0.507177
confusion matrix 
 [[106  39 116]
 [ 34 185  50]
 [116  57 133]] 

SVM results:
accuracy 0.509569
confusion matrix 
 [[113  39 109]
 [ 36 186  47]
 [117  62 127]] 

